<?xml version="1.0" encoding="UTF-8"?>
<testng-results skipped="0" failed="0" ignored="0" total="1" passed="1">
  <reporter-output>
  </reporter-output>
  <suite name="Default suite" duration-ms="21556" started-at="2018-04-20T20:11:11Z" finished-at="2018-04-20T20:11:33Z">
    <groups>
      <group name="cucumber">
        <method signature="AbstractTestNGCucumberTests.feature(cucumber.api.testng.CucumberFeatureWrapper)[pri:0, instance:runner.TestRunner@64bfbc86]" name="feature" class="cucumber.api.testng.AbstractTestNGCucumberTests"/>
      </group> <!-- cucumber -->
    </groups>
    <test name="Default test" duration-ms="21556" started-at="2018-04-20T20:11:11Z" finished-at="2018-04-20T20:11:33Z">
      <class name="runner.TestRunner">
        <test-method status="PASS" signature="setUpClass()[pri:0, instance:runner.TestRunner@64bfbc86]" name="setUpClass" is-config="true" duration-ms="277" started-at="2018-04-20T20:11:11Z" finished-at="2018-04-20T20:11:11Z">
          <reporter-output>
          </reporter-output>
        </test-method> <!-- setUpClass -->
        <test-method status="PASS" signature="feature(cucumber.api.testng.CucumberFeatureWrapper)[pri:0, instance:runner.TestRunner@64bfbc86]" name="feature" duration-ms="21164" started-at="2018-04-20T20:11:11Z" description="Runs Cucumber Feature" data-provider="features" finished-at="2018-04-20T20:11:33Z">
          <params>
            <param index="0">
              <value>
                <![CDATA[LoginFeature]]>
              </value>
            </param>
          </params>
          <reporter-output>
          </reporter-output>
        </test-method> <!-- feature -->
        <test-method status="PASS" signature="tearDownClass()[pri:0, instance:runner.TestRunner@64bfbc86]" name="tearDownClass" is-config="true" duration-ms="11" started-at="2018-04-20T20:11:33Z" finished-at="2018-04-20T20:11:33Z">
          <reporter-output>
          </reporter-output>
        </test-method> <!-- tearDownClass -->
      </class> <!-- runner.TestRunner -->
    </test> <!-- Default test -->
  </suite> <!-- Default suite -->
</testng-results>
